2026-06-12 15:04:53 [ERROR   ] app.main_window exception:93 — unhandled_exception  exc_type='UndefinedColumn' detail='ОШИБКА:  столбец "username" не существует\nLINE 3:     id, username, password_hash, full_name, role, age,\n                ^\n'
NoneType: None
2026-06-12 15:11:11 [ERROR   ] app.main_window exception:93 — unhandled_exception  exc_type='TypeError' detail="MonitoringService.__init__() missing 4 required positional arguments: 'db', 'measurement_repo', 'user_repo', and 'weather_repo'"
NoneType: None
2026-06-12 15:13:38 [ERROR   ] app.presentation.view_models.base_view_model safe_execute:61 — Failed to load dashboard
Traceback (most recent call last):
  File "C:\Users\mrcoo\AppData\Local\Packages\PythonSoftwareFoundation.Python.3.13_qbz5n2kfra8p0\LocalCache\local-packages\Python313\site-packages\sqlalchemy\engine\base.py", line 1967, in _exec_single_context
    self.dialect.do_execute(
    ~~~~~~~~~~~~~~~~~~~~~~~^
        cursor, str_statement, effective_parameters, context
        ^^^^^^^^^^^^^^^^^^^^^^^^^^^^^^^^^^^^^^^^^^^^^^^^^^^^
    )
    ^
  File "C:\Users\mrcoo\AppData\Local\Packages\PythonSoftwareFoundation.Python.3.13_qbz5n2kfra8p0\LocalCache\local-packages\Python313\site-packages\sqlalchemy\engine\default.py", line 941, in do_execute
    cursor.execute(statement, parameters)
    ~~~~~~~~~~~~~~^^^^^^^^^^^^^^^^^^^^^^^
psycopg2.errors.UndefinedColumn: ОШИБКА:  столбец measurements.measured_at не существует
LINE 1: ...olic, measurements.diastolic, measurements.pulse, measuremen...
                                                             ^


The above exception was the direct cause of the following exception:

Traceback (most recent call last):
  File "D:\Downloads\bp_monitor-main\app\presentation\view_models\base_view_model.py", line 57, in safe_execute
    result = func()
  File "D:\Downloads\bp_monitor-main\app\presentation\view_models\dashboard_view_model.py", line 60, in _load_data
    self._latest_measurement = self._monitoring_service.get_latest_measurement(user_id)
                               ~~~~~~~~~~~~~~~~~~~~~~~~~~~~~~~~~~~~~~~~~~~~~~~^^^^^^^^^
  File "D:\Downloads\bp_monitor-main\app\application\services\monitoring_service.py", line 136, in get_latest_measurement
    measurement = self._measurement_repo.get_latest_for_user(user_id)
  File "D:\Downloads\bp_monitor-main\app\repositories\measurement_repository_orm.py", line 61, in get_latest_for_user
    return self._db.execute(stmt).scalar_one_or_none()
           ~~~~~~~~~~~~~~~~^^^^^^
  File "C:\Users\mrcoo\AppData\Local\Packages\PythonSoftwareFoundation.Python.3.13_qbz5n2kfra8p0\LocalCache\local-packages\Python313\site-packages\sqlalchemy\orm\session.py", line 2362, in execute
    return self._execute_internal(
           ~~~~~~~~~~~~~~~~~~~~~~^
        statement,
        ^^^^^^^^^^
    ...<4 lines>...
        _add_event=_add_event,
        ^^^^^^^^^^^^^^^^^^^^^^
    )
    ^
  File "C:\Users\mrcoo\AppData\Local\Packages\PythonSoftwareFoundation.Python.3.13_qbz5n2kfra8p0\LocalCache\local-packages\Python313\site-packages\sqlalchemy\orm\session.py", line 2247, in _execute_internal
    result: Result[Any] = compile_state_cls.orm_execute_statement(
                          ~~~~~~~~~~~~~~~~~~~~~~~~~~~~~~~~~~~~~~~^
        self,
        ^^^^^
    ...<4 lines>...
        conn,
        ^^^^^
    )
    ^
  File "C:\Users\mrcoo\AppData\Local\Packages\PythonSoftwareFoundation.Python.3.13_qbz5n2kfra8p0\LocalCache\local-packages\Python313\site-packages\sqlalchemy\orm\context.py", line 305, in orm_execute_statement
    result = conn.execute(
        statement, params or {}, execution_options=execution_options
    )
  File "C:\Users\mrcoo\AppData\Local\Packages\PythonSoftwareFoundation.Python.3.13_qbz5n2kfra8p0\LocalCache\local-packages\Python313\site-packages\sqlalchemy\engine\base.py", line 1418, in execute
    return meth(
        self,
        distilled_parameters,
        execution_options or NO_OPTIONS,
    )
  File "C:\Users\mrcoo\AppData\Local\Packages\PythonSoftwareFoundation.Python.3.13_qbz5n2kfra8p0\LocalCache\local-packages\Python313\site-packages\sqlalchemy\sql\elements.py", line 515, in _execute_on_connection
    return connection._execute_clauseelement(
           ~~~~~~~~~~~~~~~~~~~~~~~~~~~~~~~~~^
        self, distilled_params, execution_options
        ^^^^^^^^^^^^^^^^^^^^^^^^^^^^^^^^^^^^^^^^^
    )
    ^
  File "C:\Users\mrcoo\AppData\Local\Packages\PythonSoftwareFoundation.Python.3.13_qbz5n2kfra8p0\LocalCache\local-packages\Python313\site-packages\sqlalchemy\engine\base.py", line 1640, in _execute_clauseelement
    ret = self._execute_context(
        dialect,
    ...<8 lines>...
        cache_hit=cache_hit,
    )
  File "C:\Users\mrcoo\AppData\Local\Packages\PythonSoftwareFoundation.Python.3.13_qbz5n2kfra8p0\LocalCache\local-packages\Python313\site-packages\sqlalchemy\engine\base.py", line 1846, in _execute_context
    return self._exec_single_context(
           ~~~~~~~~~~~~~~~~~~~~~~~~~^
        dialect, context, statement, parameters
        ^^^^^^^^^^^^^^^^^^^^^^^^^^^^^^^^^^^^^^^
    )
    ^
  File "C:\Users\mrcoo\AppData\Local\Packages\PythonSoftwareFoundation.Python.3.13_qbz5n2kfra8p0\LocalCache\local-packages\Python313\site-packages\sqlalchemy\engine\base.py", line 1986, in _exec_single_context
    self._handle_dbapi_exception(
    ~~~~~~~~~~~~~~~~~~~~~~~~~~~~^
        e, str_statement, effective_parameters, cursor, context
        ^^^^^^^^^^^^^^^^^^^^^^^^^^^^^^^^^^^^^^^^^^^^^^^^^^^^^^^
    )
    ^
  File "C:\Users\mrcoo\AppData\Local\Packages\PythonSoftwareFoundation.Python.3.13_qbz5n2kfra8p0\LocalCache\local-packages\Python313\site-packages\sqlalchemy\engine\base.py", line 2355, in _handle_dbapi_exception
    raise sqlalchemy_exception.with_traceback(exc_info[2]) from e
  File "C:\Users\mrcoo\AppData\Local\Packages\PythonSoftwareFoundation.Python.3.13_qbz5n2kfra8p0\LocalCache\local-packages\Python313\site-packages\sqlalchemy\engine\base.py", line 1967, in _exec_single_context
    self.dialect.do_execute(
    ~~~~~~~~~~~~~~~~~~~~~~~^
        cursor, str_statement, effective_parameters, context
        ^^^^^^^^^^^^^^^^^^^^^^^^^^^^^^^^^^^^^^^^^^^^^^^^^^^^
    )
    ^
  File "C:\Users\mrcoo\AppData\Local\Packages\PythonSoftwareFoundation.Python.3.13_qbz5n2kfra8p0\LocalCache\local-packages\Python313\site-packages\sqlalchemy\engine\default.py", line 941, in do_execute
    cursor.execute(statement, parameters)
    ~~~~~~~~~~~~~~^^^^^^^^^^^^^^^^^^^^^^^
sqlalchemy.exc.ProgrammingError: (psycopg2.errors.UndefinedColumn) ОШИБКА:  столбец measurements.measured_at не существует
LINE 1: ...olic, measurements.diastolic, measurements.pulse, measuremen...
                                                             ^

[SQL: SELECT measurements.id, measurements.user_id, measurements.systolic, measurements.diastolic, measurements.pulse, measurements.measured_at, measurements.latitude, measurements.longitude, measurements.notes, measurements.weather_snapshot_id, measurements.created_at, measurements.updated_at 
FROM measurements 
WHERE measurements.user_id = %(user_id_1)s ORDER BY measurements.measured_at DESC 
 LIMIT %(param_1)s]
[parameters: {'user_id_1': 3, 'param_1': 1}]
(Background on this error at: https://sqlalche.me/e/20/f405)
2026-06-12 15:13:38 [ERROR   ] app.presentation.view_models.base_view_model set_error:45 — ViewModel error: Failed to load dashboard: (psycopg2.errors.UndefinedColumn) ОШИБКА:  столбец measurements.measured_at не существует
LINE 1: ...olic, measurements.diastolic, measurements.pulse, measuremen...
                                                             ^

[SQL: SELECT measurements.id, measurements.user_id, measurements.systolic, measurements.diastolic, measurements.pulse, measurements.measured_at, measurements.latitude, measurements.longitude, measurements.notes, measurements.weather_snapshot_id, measurements.created_at, measurements.updated_at 
FROM measurements 
WHERE measurements.user_id = %(user_id_1)s ORDER BY measurements.measured_at DESC 
 LIMIT %(param_1)s]
[parameters: {'user_id_1': 3, 'param_1': 1}]
(Background on this error at: https://sqlalche.me/e/20/f405)
2026-06-12 15:13:38 [ERROR   ] app.presentation.view_models.base_view_model safe_execute:61 — Failed to load measurements
Traceback (most recent call last):
  File "C:\Users\mrcoo\AppData\Local\Packages\PythonSoftwareFoundation.Python.3.13_qbz5n2kfra8p0\LocalCache\local-packages\Python313\site-packages\sqlalchemy\engine\base.py", line 1967, in _exec_single_context
    self.dialect.do_execute(
    ~~~~~~~~~~~~~~~~~~~~~~~^
        cursor, str_statement, effective_parameters, context
        ^^^^^^^^^^^^^^^^^^^^^^^^^^^^^^^^^^^^^^^^^^^^^^^^^^^^
    )
    ^
  File "C:\Users\mrcoo\AppData\Local\Packages\PythonSoftwareFoundation.Python.3.13_qbz5n2kfra8p0\LocalCache\local-packages\Python313\site-packages\sqlalchemy\engine\default.py", line 941, in do_execute
    cursor.execute(statement, parameters)
    ~~~~~~~~~~~~~~^^^^^^^^^^^^^^^^^^^^^^^
psycopg2.errors.InFailedSqlTransaction: ОШИБКА:  текущая транзакция прервана, команды до конца блока транзакции игнорируются


The above exception was the direct cause of the following exception:

Traceback (most recent call last):
  File "D:\Downloads\bp_monitor-main\app\presentation\view_models\base_view_model.py", line 57, in safe_execute
    result = func()
  File "D:\Downloads\bp_monitor-main\app\presentation\view_models\measurements_view_model.py", line 88, in _load_page
    all_measurements = self._monitoring_service.get_history(
        self._current_user.id,
        date_range,
        self._current_user
    )
  File "D:\Downloads\bp_monitor-main\app\application\services\monitoring_service.py", line 128, in get_history
    measurements = self._measurement_repo.get_by_user_and_date_range(
        user_id, date_range.start_date, date_range.end_date
    )
  File "D:\Downloads\bp_monitor-main\app\repositories\measurement_repository_orm.py", line 51, in get_by_user_and_date_range
    return list(self._db.execute(stmt).scalars().all())
                ~~~~~~~~~~~~~~~~^^^^^^
  File "C:\Users\mrcoo\AppData\Local\Packages\PythonSoftwareFoundation.Python.3.13_qbz5n2kfra8p0\LocalCache\local-packages\Python313\site-packages\sqlalchemy\orm\session.py", line 2362, in execute
    return self._execute_internal(
           ~~~~~~~~~~~~~~~~~~~~~~^
        statement,
        ^^^^^^^^^^
    ...<4 lines>...
        _add_event=_add_event,
        ^^^^^^^^^^^^^^^^^^^^^^
    )
    ^
  File "C:\Users\mrcoo\AppData\Local\Packages\PythonSoftwareFoundation.Python.3.13_qbz5n2kfra8p0\LocalCache\local-packages\Python313\site-packages\sqlalchemy\orm\session.py", line 2247, in _execute_internal
    result: Result[Any] = compile_state_cls.orm_execute_statement(
                          ~~~~~~~~~~~~~~~~~~~~~~~~~~~~~~~~~~~~~~~^
        self,
        ^^^^^
    ...<4 lines>...
        conn,
        ^^^^^
    )
    ^
  File "C:\Users\mrcoo\AppData\Local\Packages\PythonSoftwareFoundation.Python.3.13_qbz5n2kfra8p0\LocalCache\local-packages\Python313\site-packages\sqlalchemy\orm\context.py", line 305, in orm_execute_statement
    result = conn.execute(
        statement, params or {}, execution_options=execution_options
    )
  File "C:\Users\mrcoo\AppData\Local\Packages\PythonSoftwareFoundation.Python.3.13_qbz5n2kfra8p0\LocalCache\local-packages\Python313\site-packages\sqlalchemy\engine\base.py", line 1418, in execute
    return meth(
        self,
        distilled_parameters,
        execution_options or NO_OPTIONS,
    )
  File "C:\Users\mrcoo\AppData\Local\Packages\PythonSoftwareFoundation.Python.3.13_qbz5n2kfra8p0\LocalCache\local-packages\Python313\site-packages\sqlalchemy\sql\elements.py", line 515, in _execute_on_connection
    return connection._execute_clauseelement(
           ~~~~~~~~~~~~~~~~~~~~~~~~~~~~~~~~~^
        self, distilled_params, execution_options
        ^^^^^^^^^^^^^^^^^^^^^^^^^^^^^^^^^^^^^^^^^
    )
    ^
  File "C:\Users\mrcoo\AppData\Local\Packages\PythonSoftwareFoundation.Python.3.13_qbz5n2kfra8p0\LocalCache\local-packages\Python313\site-packages\sqlalchemy\engine\base.py", line 1640, in _execute_clauseelement
    ret = self._execute_context(
        dialect,
    ...<8 lines>...
        cache_hit=cache_hit,
    )
  File "C:\Users\mrcoo\AppData\Local\Packages\PythonSoftwareFoundation.Python.3.13_qbz5n2kfra8p0\LocalCache\local-packages\Python313\site-packages\sqlalchemy\engine\base.py", line 1846, in _execute_context
    return self._exec_single_context(
           ~~~~~~~~~~~~~~~~~~~~~~~~~^
        dialect, context, statement, parameters
        ^^^^^^^^^^^^^^^^^^^^^^^^^^^^^^^^^^^^^^^
    )
    ^
  File "C:\Users\mrcoo\AppData\Local\Packages\PythonSoftwareFoundation.Python.3.13_qbz5n2kfra8p0\LocalCache\local-packages\Python313\site-packages\sqlalchemy\engine\base.py", line 1986, in _exec_single_context
    self._handle_dbapi_exception(
    ~~~~~~~~~~~~~~~~~~~~~~~~~~~~^
        e, str_statement, effective_parameters, cursor, context
        ^^^^^^^^^^^^^^^^^^^^^^^^^^^^^^^^^^^^^^^^^^^^^^^^^^^^^^^
    )
    ^
  File "C:\Users\mrcoo\AppData\Local\Packages\PythonSoftwareFoundation.Python.3.13_qbz5n2kfra8p0\LocalCache\local-packages\Python313\site-packages\sqlalchemy\engine\base.py", line 2355, in _handle_dbapi_exception
    raise sqlalchemy_exception.with_traceback(exc_info[2]) from e
  File "C:\Users\mrcoo\AppData\Local\Packages\PythonSoftwareFoundation.Python.3.13_qbz5n2kfra8p0\LocalCache\local-packages\Python313\site-packages\sqlalchemy\engine\base.py", line 1967, in _exec_single_context
    self.dialect.do_execute(
    ~~~~~~~~~~~~~~~~~~~~~~~^
        cursor, str_statement, effective_parameters, context
        ^^^^^^^^^^^^^^^^^^^^^^^^^^^^^^^^^^^^^^^^^^^^^^^^^^^^
    )
    ^
  File "C:\Users\mrcoo\AppData\Local\Packages\PythonSoftwareFoundation.Python.3.13_qbz5n2kfra8p0\LocalCache\local-packages\Python313\site-packages\sqlalchemy\engine\default.py", line 941, in do_execute
    cursor.execute(statement, parameters)
    ~~~~~~~~~~~~~~^^^^^^^^^^^^^^^^^^^^^^^
sqlalchemy.exc.InternalError: (psycopg2.errors.InFailedSqlTransaction) ОШИБКА:  текущая транзакция прервана, команды до конца блока транзакции игнорируются

[SQL: SELECT measurements.id, measurements.user_id, measurements.systolic, measurements.diastolic, measurements.pulse, measurements.measured_at, measurements.latitude, measurements.longitude, measurements.notes, measurements.weather_snapshot_id, measurements.created_at, measurements.updated_at 
FROM measurements 
WHERE measurements.user_id = %(user_id_1)s AND measurements.measured_at >= %(measured_at_1)s AND measurements.measured_at <= %(measured_at_2)s ORDER BY measurements.measured_at]
[parameters: {'user_id_1': 3, 'measured_at_1': datetime.datetime(2025, 6, 12, 12, 13, 38, 224257), 'measured_at_2': datetime.datetime(2026, 6, 12, 12, 13, 38, 224266)}]
(Background on this error at: https://sqlalche.me/e/20/2j85)
2026-06-12 15:13:38 [ERROR   ] app.presentation.view_models.base_view_model set_error:45 — ViewModel error: Failed to load measurements: (psycopg2.errors.InFailedSqlTransaction) ОШИБКА:  текущая транзакция прервана, команды до конца блока транзакции игнорируются

[SQL: SELECT measurements.id, measurements.user_id, measurements.systolic, measurements.diastolic, measurements.pulse, measurements.measured_at, measurements.latitude, measurements.longitude, measurements.notes, measurements.weather_snapshot_id, measurements.created_at, measurements.updated_at 
FROM measurements 
WHERE measurements.user_id = %(user_id_1)s AND measurements.measured_at >= %(measured_at_1)s AND measurements.measured_at <= %(measured_at_2)s ORDER BY measurements.measured_at]
[parameters: {'user_id_1': 3, 'measured_at_1': datetime.datetime(2025, 6, 12, 12, 13, 38, 224257), 'measured_at_2': datetime.datetime(2026, 6, 12, 12, 13, 38, 224266)}]
(Background on this error at: https://sqlalche.me/e/20/2j85)
2026-06-12 15:13:38 [ERROR   ] app.main_window exception:93 — unhandled_exception  exc_type='AttributeError' detail="'DashboardViewModel' object has no attribute 'refresh_data'"
NoneType: None
2026-06-12 15:30:32 [ERROR   ] app.main_window exception:93 — unhandled_exception  exc_type='TypeError' detail="MonitoringService.__init__() missing 4 required positional arguments: 'db', 'measurement_repo', 'user_repo', and 'weather_repo'"
NoneType: None
2026-06-12 15:41:00 [ERROR   ] app.main_window exception:93 — unhandled_exception  exc_type='NameError' detail="name 'QLabel' is not defined"
NoneType: None
2026-06-12 15:42:21 [ERROR   ] app.main_window exception:93 — unhandled_exception  exc_type='NameError' detail="name 'QLabel' is not defined"
NoneType: None
